<?xml version="1.0" encoding="UTF-8"?>
<testsuite xmlns:xsi="http://www.w3.org/2001/XMLSchema-instance" xsi:noNamespaceSchemaLocation="https://maven.apache.org/surefire/maven-surefire-plugin/xsd/surefire-test-report.xsd" version="3.0.2" name="com.nostratech.belajar_springboot.BelajarSpringbootApplicationTests" time="1.416" tests="1" errors="0" skipped="0" failures="0">
  <properties>
[...]
</properties>
  <testcase name="contextLoads" classname="com.nostratech.belajar_springboot.BelajarSpringbootApplicationTests" time="0.396">
    <system-out><![CDATA[19:59:23.871 [main] INFO org.springframework.test.context.support.AnnotationConfigContextLoaderUtils -- Could not detect default configuration classes for test class [com.nostratech.belajar_springboot.BelajarSpringbootApplicationTests]: BelajarSpringbootApplicationTests does not declare any static, non-private, non-final, nested classes annotated with @Configuration.
19:59:23.919 [main] INFO org.springframework.boot.test.context.SpringBootTestContextBootstrapper -- Found @SpringBootConfiguration com.nostratech.belajar_springboot.BelajarSpringbootApplication for test class com.nostratech.belajar_springboot.BelajarSpringbootApplicationTests

  .   ____          _            __ _ _
 /\\ / ___'_ __ _ _(_)_ __  __ _ \ \ \ \
( ( )\___ | '_ | '_| | '_ \/ _` | \ \ \ \
 \\/  ___)| |_)| | | | | || (_| |  ) ) ) )
  '  |____| .__|_| |_|_| |_\__, | / / / /
 =========|_|==============|___/=/_/_/_/

 :: Spring Boot ::                (v3.4.4)

2025-03-26T19:59:24.088+07:00  INFO 71001 --- [belajar-springboot] [           main] c.n.b.BelajarSpringbootApplicationTests  : Starting BelajarSpringbootApplicationTests using Java 17.0.14 with PID 71001 (started by faisalalbanatonaziz in /Users/faisalalbanatonaziz/kursus/belajar-springboot)
2025-03-26T19:59:24.088+07:00  INFO 71001 --- [belajar-springboot] [           main] c.n.b.BelajarSpringbootApplicationTests  : No active profile set, falling back to 1 default profile: "default"
2025-03-26T19:59:24.766+07:00  INFO 71001 --- [belajar-springboot] [           main] o.s.b.a.e.web.EndpointLinksResolver      : Exposing 1 endpoint beneath base path '/actuator'
2025-03-26T19:59:24.797+07:00  INFO 71001 --- [belajar-springboot] [           main] c.n.b.BelajarSpringbootApplicationTests  : Started BelajarSpringbootApplicationTests in 0.825 seconds (process running for 1.203)
]]></system-out>
  </testcase>
</testsuite>